0 info it worked if it ends with ok
1 verbose cli [ 'c:\\Program Files\\nodejs\\node.exe',
1 verbose cli   'c:\\Program Files\\nodejs\\node_modules\\npm\\bin\\npm-cli.js',
1 verbose cli   'install',
1 verbose cli   'ruby' ]
2 info using npm@1.4.3
3 info using node@v0.10.26
4 warn package.json bowlingapp@0.0.0 No description
5 warn package.json bowlingapp@0.0.0 No repository field.
6 warn package.json bowlingapp@0.0.0 No README data
7 verbose readDependencies using package.json deps
8 verbose cache add [ 'ruby', null ]
9 verbose cache add name=undefined spec="ruby" args=["ruby",null]
10 verbose parsed url { protocol: null,
10 verbose parsed url   slashes: null,
10 verbose parsed url   auth: null,
10 verbose parsed url   host: null,
10 verbose parsed url   port: null,
10 verbose parsed url   hostname: null,
10 verbose parsed url   hash: null,
10 verbose parsed url   search: null,
10 verbose parsed url   query: null,
10 verbose parsed url   pathname: 'ruby',
10 verbose parsed url   path: 'ruby',
10 verbose parsed url   href: 'ruby' }
11 silly lockFile 18e40e14-ruby ruby
12 verbose lock ruby C:\Users\prabinv\AppData\Roaming\npm-cache\18e40e14-ruby.lock
13 silly lockFile 18e40e14-ruby ruby
14 silly lockFile 18e40e14-ruby ruby
15 verbose addNamed [ 'ruby', '' ]
16 verbose addNamed [ null, '*' ]
17 silly lockFile f07098c3-ruby ruby@
18 verbose lock ruby@ C:\Users\prabinv\AppData\Roaming\npm-cache\f07098c3-ruby.lock
19 silly addNameRange { name: 'ruby', range: '*', hasData: false }
20 verbose url raw ruby
21 verbose url resolving [ 'https://registry.npmjs.org/', './ruby' ]
22 verbose url resolved https://registry.npmjs.org/ruby
23 info trying registry request attempt 1 at 22:39:09
24 http GET https://registry.npmjs.org/ruby
25 http 404 https://registry.npmjs.org/ruby
26 silly registry.get cb [ 404,
26 silly registry.get   { date: 'Sun, 27 Apr 2014 03:38:55 GMT',
26 silly registry.get     server: 'CouchDB/1.5.0 (Erlang OTP/R14B04)',
26 silly registry.get     'content-type': 'application/json',
26 silly registry.get     via: '1.1 varnish',
26 silly registry.get     'cache-control': 'max-age=0',
26 silly registry.get     'content-length': '52',
26 silly registry.get     'accept-ranges': 'bytes',
26 silly registry.get     age: '0',
26 silly registry.get     'x-served-by': 'cache-v42-ASH, cache-d97-DAL',
26 silly registry.get     'x-cache': 'MISS, MISS',
26 silly registry.get     'x-cache-hits': '0, 0',
26 silly registry.get     'x-timer': 'S1398569935.183137655,VS0,VS17,VE26,VE43',
26 silly registry.get     'keep-alive': 'timeout=10, max=50',
26 silly registry.get     connection: 'Keep-Alive' } ]
27 silly lockFile f07098c3-ruby ruby@
28 silly lockFile f07098c3-ruby ruby@
29 error 404 'ruby' is not in the npm registry.
29 error 404 You should bug the author to publish it
29 error 404 It was specified as a dependency of 'bowlingapp'
29 error 404
29 error 404 Note that you can also install from a
29 error 404 tarball, folder, or http url, or git url.
30 error System Windows_NT 6.2.9200
31 error command "c:\\Program Files\\nodejs\\node.exe" "c:\\Program Files\\nodejs\\node_modules\\npm\\bin\\npm-cli.js" "install" "ruby"
32 error cwd C:\Users\prabinv\Documents\GitHub\AngularBowlingKata
33 error node -v v0.10.26
34 error npm -v 1.4.3
35 error code E404
36 verbose exit [ 1, true ]
